c:\users\austi\onedrive\documents\technical\motor_control\pidlib\visual_studio\pidlib\pidlib\x64\debug\vc143.pdb
c:\users\austi\onedrive\documents\technical\motor_control\pidlib\visual_studio\pidlib\pidlib\x64\debug\vc143.idb
c:\users\austi\onedrive\documents\technical\motor_control\pidlib\visual_studio\pidlib\pidlib\x64\debug\pidlib.obj
c:\users\austi\onedrive\documents\technical\motor_control\pidlib\visual_studio\pidlib\pidlib\x64\debug\main.obj
c:\users\austi\onedrive\documents\technical\motor_control\pidlib\visual_studio\pidlib\x64\debug\pidlib.pdb
c:\users\austi\onedrive\documents\technical\motor_control\pidlib\visual_studio\pidlib\pidlib\x64\debug\pidlib.tlog\cl.command.1.tlog
c:\users\austi\onedrive\documents\technical\motor_control\pidlib\visual_studio\pidlib\pidlib\x64\debug\pidlib.tlog\cl.read.1.tlog
c:\users\austi\onedrive\documents\technical\motor_control\pidlib\visual_studio\pidlib\pidlib\x64\debug\pidlib.tlog\cl.write.1.tlog
c:\users\austi\onedrive\documents\technical\motor_control\pidlib\visual_studio\pidlib\pidlib\x64\debug\pidlib.tlog\link-cvtres.read.1.tlog
c:\users\austi\onedrive\documents\technical\motor_control\pidlib\visual_studio\pidlib\pidlib\x64\debug\pidlib.tlog\link-cvtres.write.1.tlog
c:\users\austi\onedrive\documents\technical\motor_control\pidlib\visual_studio\pidlib\pidlib\x64\debug\pidlib.tlog\link-rc.read.1.tlog
c:\users\austi\onedrive\documents\technical\motor_control\pidlib\visual_studio\pidlib\pidlib\x64\debug\pidlib.tlog\link-rc.write.1.tlog
c:\users\austi\onedrive\documents\technical\motor_control\pidlib\visual_studio\pidlib\pidlib\x64\debug\pidlib.tlog\link.9480-cvtres.read.1.tlog
c:\users\austi\onedrive\documents\technical\motor_control\pidlib\visual_studio\pidlib\pidlib\x64\debug\pidlib.tlog\link.9480-cvtres.write.1.tlog
c:\users\austi\onedrive\documents\technical\motor_control\pidlib\visual_studio\pidlib\pidlib\x64\debug\pidlib.tlog\link.9480-rc.read.1.tlog
c:\users\austi\onedrive\documents\technical\motor_control\pidlib\visual_studio\pidlib\pidlib\x64\debug\pidlib.tlog\link.9480-rc.write.1.tlog
c:\users\austi\onedrive\documents\technical\motor_control\pidlib\visual_studio\pidlib\pidlib\x64\debug\pidlib.tlog\link.9480.read.1.tlog
c:\users\austi\onedrive\documents\technical\motor_control\pidlib\visual_studio\pidlib\pidlib\x64\debug\pidlib.tlog\link.9480.read.2.tlog
c:\users\austi\onedrive\documents\technical\motor_control\pidlib\visual_studio\pidlib\pidlib\x64\debug\pidlib.tlog\link.9480.write.1.tlog
c:\users\austi\onedrive\documents\technical\motor_control\pidlib\visual_studio\pidlib\pidlib\x64\debug\pidlib.tlog\link.command.1.tlog
c:\users\austi\onedrive\documents\technical\motor_control\pidlib\visual_studio\pidlib\pidlib\x64\debug\pidlib.tlog\link.read.1.tlog
c:\users\austi\onedrive\documents\technical\motor_control\pidlib\visual_studio\pidlib\pidlib\x64\debug\pidlib.tlog\link.read.2.tlog
c:\users\austi\onedrive\documents\technical\motor_control\pidlib\visual_studio\pidlib\pidlib\x64\debug\pidlib.tlog\link.write.1.tlog
